{
  "error": {
    "code": 404,
    "message": "File not found: 1yELmpwAnnbLFbabAzzbFOh-3ZZ339tph.",
    "errors": [
      {
        "message": "File not found: 1yELmpwAnnbLFbabAzzbFOh-3ZZ339tph.",
        "domain": "global",
        "reason": "notFound",
        "location": "fileId",
        "locationType": "parameter"
      }
    ]
  }
}

{
  "error": {
    "code": 404,
    "message": "File not found: 1yELmpwAnnbLFbabAzzbFOh-3ZZ339tph.",
    "errors": [
      {
        "message": "File not found: 1yELmpwAnnbLFbabAzzbFOh-3ZZ339tph.",
        "domain": "global",
        "reason": "notFound",
        "location": "fileId",
        "locationType": "parameter"
      }
    ]
  }
}

{
  "error": {
    "code": 404,
    "message": "File not found: 1yELmpwAnnbLFbabAzzbFOh-3ZZ339tph.",
    "errors": [
      {
        "message": "File not found: 1yELmpwAnnbLFbabAzzbFOh-3ZZ339tph.",
        "domain": "global",
        "reason": "notFound",
        "location": "fileId",
        "locationType": "parameter"
      }
    ]
  }
}

{
  "error": {
    "code": 404,
    "message": "File not found: 1yELmpwAnnbLFbabAzzbFOh-3ZZ339tph.",
    "errors": [
      {
        "message": "File not found: 1yELmpwAnnbLFbabAzzbFOh-3ZZ339tph.",
        "domain": "global",
        "reason": "notFound",
        "location": "fileId",
        "locationType": "parameter"
      }
    ]
  }
}

{
  "error": {
    "code": 404,
    "message": "File not found: 1yELmpwAnnbLFbabAzzbFOh-3ZZ339tph.",
    "errors": [
      {
        "message": "File not found: 1yELmpwAnnbLFbabAzzbFOh-3ZZ339tph.",
        "domain": "global",
        "reason": "notFound",
        "location": "fileId",
        "locationType": "parameter"
      }
    ]
  }
}

{
  "error": {
    "code": 404,
    "message": "File not found: 1yELmpwAnnbLFbabAzzbFOh-3ZZ339tph.",
    "errors": [
      {
        "message": "File not found: 1yELmpwAnnbLFbabAzzbFOh-3ZZ339tph.",
        "domain": "global",
        "reason": "notFound",
        "location": "fileId",
        "locationType": "parameter"
      }
    ]
  }
}

{
  "error": {
    "code": 404,
    "message": "File not found: 1yELmpwAnnbLFbabAzzbFOh-3ZZ339tph.",
    "errors": [
      {
        "message": "File not found: 1yELmpwAnnbLFbabAzzbFOh-3ZZ339tph.",
        "domain": "global",
        "reason": "notFound",
        "location": "fileId",
        "locationType": "parameter"
      }
    ]
  }
}

{
  "error": {
    "code": 404,
    "message": "File not found: 1yELmpwAnnbLFbabAzzbFOh-3ZZ339tph.",
    "errors": [
      {
        "message": "File not found: 1yELmpwAnnbLFbabAzzbFOh-3ZZ339tph.",
        "domain": "global",
        "reason": "notFound",
        "location": "fileId",
        "locationType": "parameter"
      }
    ]
  }
}

{
  "error": {
    "code": 404,
    "message": "File not found: 1yELmpwAnnbLFbabAzzbFOh-3ZZ339tph.",
    "errors": [
      {
        "message": "File not found: 1yELmpwAnnbLFbabAzzbFOh-3ZZ339tph.",
        "domain": "global",
        "reason": "notFound",
        "location": "fileId",
        "locationType": "parameter"
      }
    ]
  }
}

{
  "error": {
    "code": 404,
    "message": "File not found: 1yELmpwAnnbLFbabAzzbFOh-3ZZ339tph.",
    "errors": [
      {
        "message": "File not found: 1yELmpwAnnbLFbabAzzbFOh-3ZZ339tph.",
        "domain": "global",
        "reason": "notFound",
        "location": "fileId",
        "locationType": "parameter"
      }
    ]
  }
}

{
  "error": {
    "code": 404,
    "message": "File not found: 1yELmpwAnnbLFbabAzzbFOh-3ZZ339tph.",
    "errors": [
      {
        "message": "File not found: 1yELmpwAnnbLFbabAzzbFOh-3ZZ339tph.",
        "domain": "global",
        "reason": "notFound",
        "location": "fileId",
        "locationType": "parameter"
      }
    ]
  }
}

{
  "error": {
    "code": 404,
    "message": "File not found: 1yELmpwAnnbLFbabAzzbFOh-3ZZ339tph.",
    "errors": [
      {
        "message": "File not found: 1yELmpwAnnbLFbabAzzbFOh-3ZZ339tph.",
        "domain": "global",
        "reason": "notFound",
        "location": "fileId",
        "locationType": "parameter"
      }
    ]
  }
}

{
  "error": "invalid_grant",
  "error_description": "Token has been expired or revoked."
}
{
  "error": "invalid_grant",
  "error_description": "Token has been expired or revoked."
}
{
  "error": "invalid_grant",
  "error_description": "Token has been expired or revoked."
}
{
  "error": "invalid_grant",
  "error_description": "Token has been expired or revoked."
}
{
  "error": "invalid_grant",
  "error_description": "Token has been expired or revoked."
}
{
  "error": "invalid_grant",
  "error_description": "Token has been expired or revoked."
}
{
  "error": "invalid_grant",
  "error_description": "Token has been expired or revoked."
}
{
  "error": "invalid_grant",
  "error_description": "Token has been expired or revoked."
}
{
  "error": "invalid_grant",
  "error_description": "Token has been expired or revoked."
}
{
  "error": "invalid_grant",
  "error_description": "Token has been expired or revoked."
}
{
  "error": "invalid_grant",
  "error_description": "Token has been expired or revoked."
}
{
  "error": "invalid_grant",
  "error_description": "Token has been expired or revoked."
}
{
  "error": "invalid_grant",
  "error_description": "Token has been expired or revoked."
}
{
  "error": "invalid_grant",
  "error_description": "Token has been expired or revoked."
}
